2022-11-08T20:19:00.082395Z 0 [Warning] [MY-010097] [Server] Insecure configuration for --secure-file-priv: Current value does not restrict location of generated files. Consider setting it to a valid, non-empty path.
2022-11-08T20:19:00.082491Z 0 [Warning] [MY-010918] [Server] 'default_authentication_plugin' is deprecated and will be removed in a future release. Please use authentication_policy instead.
2022-11-08T20:19:00.082535Z 0 [System] [MY-010116] [Server] C:\laragon\bin\mysql\mysql-8.0.30-winx64\bin\mysqld (mysqld 8.0.30) starting as process 14924
2022-11-08T20:19:00.129918Z 1 [System] [MY-013576] [InnoDB] InnoDB initialization has started.
2022-11-08T20:19:00.786654Z 1 [System] [MY-013577] [InnoDB] InnoDB initialization has ended.
2022-11-08T20:19:01.529659Z 0 [Warning] [MY-013829] [Server] Missing data directory for ICU regular expressions: C:\laragon\bin\mysql\mysql-8.0.30-winx64\lib\private\.
2022-11-08T20:19:01.562342Z 0 [Warning] [MY-010068] [Server] CA certificate ca.pem is self signed.
2022-11-08T20:19:01.562747Z 0 [System] [MY-013602] [Server] Channel mysql_main configured to support TLS. Encrypted connections are now supported for this channel.
2022-11-08T20:19:01.573684Z 0 [ERROR] [MY-010147] [Server] Too many arguments (first extra is 'ano\web\mysql-8\mysqld.log').
2022-11-08T20:19:01.576329Z 0 [ERROR] [MY-010119] [Server] Aborting
2022-11-08T20:19:02.894999Z 0 [System] [MY-010910] [Server] C:\laragon\bin\mysql\mysql-8.0.30-winx64\bin\mysqld: Shutdown complete (mysqld 8.0.30)  MySQL Community Server - GPL.
2022-11-08T20:19:09.805085Z 0 [Warning] [MY-010097] [Server] Insecure configuration for --secure-file-priv: Current value does not restrict location of generated files. Consider setting it to a valid, non-empty path.
2022-11-08T20:19:09.805157Z 0 [Warning] [MY-010918] [Server] 'default_authentication_plugin' is deprecated and will be removed in a future release. Please use authentication_policy instead.
2022-11-08T20:19:09.805198Z 0 [System] [MY-010116] [Server] C:\laragon\bin\mysql\mysql-8.0.30-winx64\bin\mysqld (mysqld 8.0.30) starting as process 1352
2022-11-08T20:19:09.845046Z 1 [System] [MY-013576] [InnoDB] InnoDB initialization has started.
2022-11-08T20:19:10.401366Z 1 [System] [MY-013577] [InnoDB] InnoDB initialization has ended.
2022-11-08T20:19:11.038454Z 0 [Warning] [MY-013829] [Server] Missing data directory for ICU regular expressions: C:\laragon\bin\mysql\mysql-8.0.30-winx64\lib\private\.
2022-11-08T20:19:11.073222Z 0 [Warning] [MY-010068] [Server] CA certificate ca.pem is self signed.
2022-11-08T20:19:11.073886Z 0 [System] [MY-013602] [Server] Channel mysql_main configured to support TLS. Encrypted connections are now supported for this channel.
2022-11-08T20:19:11.145547Z 0 [ERROR] [MY-010147] [Server] Too many arguments (first extra is 'ano\web\mysql-8\mysqld.log').
2022-11-08T20:19:11.154509Z 0 [ERROR] [MY-010119] [Server] Aborting
2022-11-08T20:19:12.360500Z 0 [System] [MY-010910] [Server] C:\laragon\bin\mysql\mysql-8.0.30-winx64\bin\mysqld: Shutdown complete (mysqld 8.0.30)  MySQL Community Server - GPL.
2022-11-08T20:20:03.239085Z 0 [Warning] [MY-010097] [Server] Insecure configuration for --secure-file-priv: Current value does not restrict location of generated files. Consider setting it to a valid, non-empty path.
2022-11-08T20:20:03.239144Z 0 [Warning] [MY-010918] [Server] 'default_authentication_plugin' is deprecated and will be removed in a future release. Please use authentication_policy instead.
2022-11-08T20:20:03.239302Z 0 [System] [MY-010116] [Server] C:\laragon\bin\mysql\mysql-8.0.30-winx64\bin\mysqld (mysqld 8.0.30) starting as process 22184
2022-11-08T20:20:03.279706Z 1 [System] [MY-013576] [InnoDB] InnoDB initialization has started.
2022-11-08T20:20:04.964764Z 1 [System] [MY-013577] [InnoDB] InnoDB initialization has ended.
2022-11-08T20:20:05.684830Z 0 [Warning] [MY-013829] [Server] Missing data directory for ICU regular expressions: C:\laragon\bin\mysql\mysql-8.0.30-winx64\lib\private\.
2022-11-08T20:20:05.704850Z 0 [Warning] [MY-010068] [Server] CA certificate ca.pem is self signed.
2022-11-08T20:20:05.705274Z 0 [System] [MY-013602] [Server] Channel mysql_main configured to support TLS. Encrypted connections are now supported for this channel.
2022-11-08T20:20:05.713531Z 0 [ERROR] [MY-010147] [Server] Too many arguments (first extra is 'ano\web\mysql-8\mysqld.log').
2022-11-08T20:20:05.715756Z 0 [ERROR] [MY-010119] [Server] Aborting
2022-11-08T20:20:06.996282Z 0 [System] [MY-010910] [Server] C:\laragon\bin\mysql\mysql-8.0.30-winx64\bin\mysqld: Shutdown complete (mysqld 8.0.30)  MySQL Community Server - GPL.
2022-11-08T20:20:13.465226Z 0 [Warning] [MY-010097] [Server] Insecure configuration for --secure-file-priv: Current value does not restrict location of generated files. Consider setting it to a valid, non-empty path.
2022-11-08T20:20:13.465290Z 0 [Warning] [MY-010918] [Server] 'default_authentication_plugin' is deprecated and will be removed in a future release. Please use authentication_policy instead.
2022-11-08T20:20:13.465329Z 0 [System] [MY-010116] [Server] C:\laragon\bin\mysql\mysql-8.0.30-winx64\bin\mysqld (mysqld 8.0.30) starting as process 18380
2022-11-08T20:20:13.507860Z 1 [System] [MY-013576] [InnoDB] InnoDB initialization has started.
2022-11-08T20:20:14.143719Z 1 [System] [MY-013577] [InnoDB] InnoDB initialization has ended.
2022-11-08T20:20:14.852474Z 0 [Warning] [MY-013829] [Server] Missing data directory for ICU regular expressions: C:\laragon\bin\mysql\mysql-8.0.30-winx64\lib\private\.
2022-11-08T20:20:14.875995Z 0 [Warning] [MY-010068] [Server] CA certificate ca.pem is self signed.
2022-11-08T20:20:14.876406Z 0 [System] [MY-013602] [Server] Channel mysql_main configured to support TLS. Encrypted connections are now supported for this channel.
2022-11-08T20:20:14.912424Z 0 [ERROR] [MY-010147] [Server] Too many arguments (first extra is 'ano\web\mysql-8\mysqld.log').
2022-11-08T20:20:14.914662Z 0 [ERROR] [MY-010119] [Server] Aborting
2022-11-08T20:20:16.239706Z 0 [System] [MY-010910] [Server] C:\laragon\bin\mysql\mysql-8.0.30-winx64\bin\mysqld: Shutdown complete (mysqld 8.0.30)  MySQL Community Server - GPL.
2022-11-08T20:23:10.989818Z 0 [Warning] [MY-010097] [Server] Insecure configuration for --secure-file-priv: Current value does not restrict location of generated files. Consider setting it to a valid, non-empty path.
2022-11-08T20:23:10.989876Z 0 [Warning] [MY-010918] [Server] 'default_authentication_plugin' is deprecated and will be removed in a future release. Please use authentication_policy instead.
2022-11-08T20:23:10.989915Z 0 [System] [MY-010116] [Server] C:\laragon\bin\mysql\mysql-8.0.30-winx64\bin\mysqld (mysqld 8.0.30) starting as process 16144
2022-11-08T20:23:11.022693Z 1 [System] [MY-013576] [InnoDB] InnoDB initialization has started.
2022-11-08T20:23:13.201164Z 1 [System] [MY-013577] [InnoDB] InnoDB initialization has ended.
2022-11-08T20:23:13.910367Z 0 [Warning] [MY-013829] [Server] Missing data directory for ICU regular expressions: C:\laragon\bin\mysql\mysql-8.0.30-winx64\lib\private\.
2022-11-08T20:23:13.929323Z 0 [Warning] [MY-010068] [Server] CA certificate ca.pem is self signed.
2022-11-08T20:23:13.929694Z 0 [System] [MY-013602] [Server] Channel mysql_main configured to support TLS. Encrypted connections are now supported for this channel.
2022-11-08T20:23:13.962475Z 0 [ERROR] [MY-010147] [Server] Too many arguments (first extra is 'ano\web\mysql-8\mysqld.log').
2022-11-08T20:23:13.964522Z 0 [ERROR] [MY-010119] [Server] Aborting
2022-11-08T20:23:15.290663Z 0 [System] [MY-010910] [Server] C:\laragon\bin\mysql\mysql-8.0.30-winx64\bin\mysqld: Shutdown complete (mysqld 8.0.30)  MySQL Community Server - GPL.
2022-11-08T20:23:21.054641Z 0 [Warning] [MY-010097] [Server] Insecure configuration for --secure-file-priv: Current value does not restrict location of generated files. Consider setting it to a valid, non-empty path.
2022-11-08T20:23:21.054699Z 0 [Warning] [MY-010918] [Server] 'default_authentication_plugin' is deprecated and will be removed in a future release. Please use authentication_policy instead.
2022-11-08T20:23:21.054738Z 0 [System] [MY-010116] [Server] C:\laragon\bin\mysql\mysql-8.0.30-winx64\bin\mysqld (mysqld 8.0.30) starting as process 6628
2022-11-08T20:23:21.096994Z 1 [System] [MY-013576] [InnoDB] InnoDB initialization has started.
2022-11-08T20:23:21.589613Z 1 [System] [MY-013577] [InnoDB] InnoDB initialization has ended.
2022-11-08T20:23:22.699877Z 0 [Warning] [MY-013829] [Server] Missing data directory for ICU regular expressions: C:\laragon\bin\mysql\mysql-8.0.30-winx64\lib\private\.
2022-11-08T20:23:23.794188Z 0 [Warning] [MY-010068] [Server] CA certificate ca.pem is self signed.
2022-11-08T20:23:23.794559Z 0 [System] [MY-013602] [Server] Channel mysql_main configured to support TLS. Encrypted connections are now supported for this channel.
2022-11-08T20:23:23.825769Z 0 [ERROR] [MY-010147] [Server] Too many arguments (first extra is 'ano\web\mysql-8\mysqld.log').
2022-11-08T20:23:23.827914Z 0 [ERROR] [MY-010119] [Server] Aborting
2022-11-08T20:23:26.093564Z 0 [System] [MY-010910] [Server] C:\laragon\bin\mysql\mysql-8.0.30-winx64\bin\mysqld: Shutdown complete (mysqld 8.0.30)  MySQL Community Server - GPL.
2022-11-08T20:28:27.131067Z 0 [Warning] [MY-010097] [Server] Insecure configuration for --secure-file-priv: Current value does not restrict location of generated files. Consider setting it to a valid, non-empty path.
2022-11-08T20:28:27.131212Z 0 [Warning] [MY-010918] [Server] 'default_authentication_plugin' is deprecated and will be removed in a future release. Please use authentication_policy instead.
2022-11-08T20:28:27.131298Z 0 [System] [MY-010116] [Server] C:\laragon\bin\mysql\mysql-8.0.30-winx64\bin\mysqld (mysqld 8.0.30) starting as process 14588
2022-11-08T20:28:27.196899Z 1 [System] [MY-013576] [InnoDB] InnoDB initialization has started.
2022-11-08T20:28:27.895455Z 1 [System] [MY-013577] [InnoDB] InnoDB initialization has ended.
2022-11-08T20:28:29.063710Z 0 [Warning] [MY-013829] [Server] Missing data directory for ICU regular expressions: C:\laragon\bin\mysql\mysql-8.0.30-winx64\lib\private\.
2022-11-08T20:28:29.081067Z 0 [Warning] [MY-010068] [Server] CA certificate ca.pem is self signed.
2022-11-08T20:28:29.081536Z 0 [System] [MY-013602] [Server] Channel mysql_main configured to support TLS. Encrypted connections are now supported for this channel.
2022-11-08T20:28:29.095498Z 0 [ERROR] [MY-010147] [Server] Too many arguments (first extra is 'ano\web\mysql-8\mysqld.log').
2022-11-08T20:28:29.097937Z 0 [ERROR] [MY-010119] [Server] Aborting
2022-11-08T20:28:30.607761Z 0 [System] [MY-010910] [Server] C:\laragon\bin\mysql\mysql-8.0.30-winx64\bin\mysqld: Shutdown complete (mysqld 8.0.30)  MySQL Community Server - GPL.
2022-11-08T20:28:33.367369Z 0 [Warning] [MY-010097] [Server] Insecure configuration for --secure-file-priv: Current value does not restrict location of generated files. Consider setting it to a valid, non-empty path.
2022-11-08T20:28:33.367435Z 0 [Warning] [MY-010918] [Server] 'default_authentication_plugin' is deprecated and will be removed in a future release. Please use authentication_policy instead.
2022-11-08T20:28:33.367483Z 0 [System] [MY-010116] [Server] C:\laragon\bin\mysql\mysql-8.0.30-winx64\bin\mysqld (mysqld 8.0.30) starting as process 4004
2022-11-08T20:28:33.403545Z 1 [System] [MY-013576] [InnoDB] InnoDB initialization has started.
2022-11-08T20:28:34.013021Z 1 [System] [MY-013577] [InnoDB] InnoDB initialization has ended.
2022-11-08T20:28:35.405333Z 0 [Warning] [MY-013829] [Server] Missing data directory for ICU regular expressions: C:\laragon\bin\mysql\mysql-8.0.30-winx64\lib\private\.
2022-11-08T20:28:35.426632Z 0 [Warning] [MY-010068] [Server] CA certificate ca.pem is self signed.
2022-11-08T20:28:35.427082Z 0 [System] [MY-013602] [Server] Channel mysql_main configured to support TLS. Encrypted connections are now supported for this channel.
2022-11-08T20:28:35.462566Z 0 [ERROR] [MY-010147] [Server] Too many arguments (first extra is 'ano\web\mysql-8\mysqld.log').
2022-11-08T20:28:35.465433Z 0 [ERROR] [MY-010119] [Server] Aborting
2022-11-08T20:28:36.827288Z 0 [System] [MY-010910] [Server] C:\laragon\bin\mysql\mysql-8.0.30-winx64\bin\mysqld: Shutdown complete (mysqld 8.0.30)  MySQL Community Server - GPL.
2022-11-08T20:40:37.769058Z 0 [Warning] Insecure configuration for --secure-file-priv: Current value does not restrict location of generated files. Consider setting it to a valid, non-empty path.
2022-11-08T20:40:37.769058Z 0 [ERROR] Cannot open Windows EventLog; check privileges, or start server with --log_syslog=0
2022-11-08T20:40:37.769058Z 0 [Note] C:\laragon\bin\mysql\mysql-5.7.18-winx64\bin\mysqld (mysqld 5.7.18) starting as process 7212 ...
2022-11-08T20:40:48.066394Z 0 [Warning] Insecure configuration for --secure-file-priv: Current value does not restrict location of generated files. Consider setting it to a valid, non-empty path.
2022-11-08T20:40:48.066394Z 0 [ERROR] Cannot open Windows EventLog; check privileges, or start server with --log_syslog=0
2022-11-08T20:40:48.066394Z 0 [Note] C:\laragon\bin\mysql\mysql-5.7.18-winx64\bin\mysqld (mysqld 5.7.18) starting as process 10168 ...
2022-11-08T20:40:48.113682Z 0 [Note] InnoDB: Mutexes and rw_locks use Windows interlocked functions
2022-11-08T20:40:48.113682Z 0 [Note] InnoDB: Uses event mutexes
2022-11-08T20:40:48.113682Z 0 [Note] InnoDB: _mm_lfence() and _mm_sfence() are used for memory barrier
2022-11-08T20:40:48.113682Z 0 [Note] InnoDB: Compressed tables use zlib 1.2.3
2022-11-08T20:40:48.113682Z 0 [Note] InnoDB: Number of pools: 1
2022-11-08T20:40:48.113682Z 0 [Note] InnoDB: Not using CPU crc32 instructions
2022-11-08T20:40:48.129332Z 0 [Note] InnoDB: Initializing buffer pool, total size = 128M, instances = 1, chunk size = 128M
2022-11-08T20:40:48.129332Z 0 [Note] InnoDB: Completed initialization of buffer pool
2022-11-08T20:40:48.207856Z 0 [Note] InnoDB: Highest supported file format is Barracuda.
2022-11-08T20:40:48.364561Z 0 [Note] InnoDB: Creating shared tablespace for temporary tables
2022-11-08T20:40:48.364561Z 0 [Note] InnoDB: Setting file '.\ibtmp1' size to 12 MB. Physically writing the file full; Please wait ...
2022-11-08T20:40:48.380182Z 0 [Note] InnoDB: File '.\ibtmp1' size is now 12 MB.
2022-11-08T20:40:48.403822Z 0 [Note] InnoDB: 96 redo rollback segment(s) found. 96 redo rollback segment(s) are active.
2022-11-08T20:40:48.403822Z 0 [Note] InnoDB: 32 non-redo rollback segment(s) are active.
2022-11-08T20:40:48.403822Z 0 [Note] InnoDB: Waiting for purge to start
2022-11-08T20:40:48.458744Z 0 [Note] InnoDB: 5.7.18 started; log sequence number 2535577
2022-11-08T20:40:48.458744Z 0 [Note] InnoDB: Loading buffer pool(s) from C:\Users\gabriel.ogassawara\Desktop\Estudos\Uninga\2 ano\web\mysql\ib_buffer_pool
2022-11-08T20:40:48.458744Z 0 [Note] Plugin 'FEDERATED' is disabled.
2022-11-08T20:40:48.458744Z 0 [ERROR] Too many arguments (first extra is 'ano\web\mysql\mysqld.log').
2022-11-08T20:40:48.474368Z 0 [Note] Use --verbose --help to get a list of available options!
2022-11-08T20:40:48.474368Z 0 [ERROR] Aborting

2022-11-08T20:40:48.474368Z 0 [Note] Binlog end
2022-11-08T20:40:48.474368Z 0 [Note] Shutting down plugin 'ngram'
2022-11-08T20:40:48.474368Z 0 [Note] Shutting down plugin 'partition'
2022-11-08T20:40:48.474368Z 0 [Note] Shutting down plugin 'BLACKHOLE'
2022-11-08T20:40:48.474368Z 0 [Note] Shutting down plugin 'ARCHIVE'
2022-11-08T20:40:48.474368Z 0 [Note] Shutting down plugin 'PERFORMANCE_SCHEMA'
2022-11-08T20:40:48.474368Z 0 [Note] Shutting down plugin 'MRG_MYISAM'
2022-11-08T20:40:48.474368Z 0 [Note] Shutting down plugin 'MyISAM'
2022-11-08T20:40:48.474368Z 0 [Note] Shutting down plugin 'INNODB_SYS_VIRTUAL'
2022-11-08T20:40:48.474368Z 0 [Note] Shutting down plugin 'INNODB_SYS_DATAFILES'
2022-11-08T20:40:48.474368Z 0 [Note] Shutting down plugin 'INNODB_SYS_TABLESPACES'
2022-11-08T20:40:48.474368Z 0 [Note] Shutting down plugin 'INNODB_SYS_FOREIGN_COLS'
2022-11-08T20:40:48.474368Z 0 [Note] Shutting down plugin 'INNODB_SYS_FOREIGN'
2022-11-08T20:40:48.474368Z 0 [Note] Shutting down plugin 'INNODB_SYS_FIELDS'
2022-11-08T20:40:48.474368Z 0 [Note] Shutting down plugin 'INNODB_SYS_COLUMNS'
2022-11-08T20:40:48.474368Z 0 [Note] Shutting down plugin 'INNODB_SYS_INDEXES'
2022-11-08T20:40:48.474368Z 0 [Note] Shutting down plugin 'INNODB_SYS_TABLESTATS'
2022-11-08T20:40:48.474368Z 0 [Note] Shutting down plugin 'INNODB_SYS_TABLES'
2022-11-08T20:40:48.474368Z 0 [Note] Shutting down plugin 'INNODB_FT_INDEX_TABLE'
2022-11-08T20:40:48.474368Z 0 [Note] Shutting down plugin 'INNODB_FT_INDEX_CACHE'
2022-11-08T20:40:48.474368Z 0 [Note] Shutting down plugin 'INNODB_FT_CONFIG'
2022-11-08T20:40:48.474368Z 0 [Note] Shutting down plugin 'INNODB_FT_BEING_DELETED'
2022-11-08T20:40:48.474368Z 0 [Note] Shutting down plugin 'INNODB_FT_DELETED'
2022-11-08T20:40:48.474368Z 0 [Note] Shutting down plugin 'INNODB_FT_DEFAULT_STOPWORD'
2022-11-08T20:40:48.474368Z 0 [Note] Shutting down plugin 'INNODB_METRICS'
2022-11-08T20:40:48.474368Z 0 [Note] Shutting down plugin 'INNODB_TEMP_TABLE_INFO'
2022-11-08T20:40:48.474368Z 0 [Note] InnoDB: Buffer pool(s) load completed at 221108 17:40:48
2022-11-08T20:40:48.474368Z 0 [Note] Shutting down plugin 'INNODB_BUFFER_POOL_STATS'
2022-11-08T20:40:48.474368Z 0 [Note] Shutting down plugin 'INNODB_BUFFER_PAGE_LRU'
2022-11-08T20:40:48.474368Z 0 [Note] Shutting down plugin 'INNODB_BUFFER_PAGE'
2022-11-08T20:40:48.490001Z 0 [Note] Shutting down plugin 'INNODB_CMP_PER_INDEX_RESET'
2022-11-08T20:40:48.490001Z 0 [Note] Shutting down plugin 'INNODB_CMP_PER_INDEX'
2022-11-08T20:40:48.490001Z 0 [Note] Shutting down plugin 'INNODB_CMPMEM_RESET'
2022-11-08T20:40:48.490001Z 0 [Note] Shutting down plugin 'INNODB_CMPMEM'
2022-11-08T20:40:48.490001Z 0 [Note] Shutting down plugin 'INNODB_CMP_RESET'
2022-11-08T20:40:48.490001Z 0 [Note] Shutting down plugin 'INNODB_CMP'
2022-11-08T20:40:48.490001Z 0 [Note] Shutting down plugin 'INNODB_LOCK_WAITS'
2022-11-08T20:40:48.490001Z 0 [Note] Shutting down plugin 'INNODB_LOCKS'
2022-11-08T20:40:48.490001Z 0 [Note] Shutting down plugin 'INNODB_TRX'
2022-11-08T20:40:48.490001Z 0 [Note] Shutting down plugin 'InnoDB'
2022-11-08T20:40:48.490001Z 0 [Note] InnoDB: FTS optimize thread exiting.
2022-11-08T20:40:48.490001Z 0 [Note] InnoDB: Starting shutdown...
2022-11-08T20:40:48.599821Z 0 [Note] InnoDB: Dumping buffer pool(s) to C:\Users\gabriel.ogassawara\Desktop\Estudos\Uninga\2 ano\web\mysql\ib_buffer_pool
2022-11-08T20:40:48.615853Z 0 [Note] InnoDB: Buffer pool(s) dump completed at 221108 17:40:48
2022-11-08T20:40:49.830993Z 0 [Note] InnoDB: Shutdown completed; log sequence number 2535596
2022-11-08T20:40:49.846621Z 0 [Note] InnoDB: Removed temporary tablespace data file: "ibtmp1"
2022-11-08T20:40:49.846621Z 0 [Note] Shutting down plugin 'MEMORY'
2022-11-08T20:40:49.846621Z 0 [Note] Shutting down plugin 'CSV'
2022-11-08T20:40:49.846621Z 0 [Note] Shutting down plugin 'sha256_password'
2022-11-08T20:40:49.846621Z 0 [Note] Shutting down plugin 'mysql_native_password'
2022-11-08T20:40:49.846621Z 0 [Note] Shutting down plugin 'binlog'
2022-11-08T20:40:49.846621Z 0 [Note] C:\laragon\bin\mysql\mysql-5.7.18-winx64\bin\mysqld: Shutdown complete

2022-11-09T11:13:13.289605Z 0 [Warning] Insecure configuration for --secure-file-priv: Current value does not restrict location of generated files. Consider setting it to a valid, non-empty path.
2022-11-09T11:13:13.290605Z 0 [ERROR] Cannot open Windows EventLog; check privileges, or start server with --log_syslog=0
2022-11-09T11:13:13.290605Z 0 [Note] C:\laragon\bin\mysql\mysql-5.7.18-winx64\bin\mysqld (mysqld 5.7.18) starting as process 1288 ...
2022-11-11T11:17:14.413841Z 0 [Warning] Insecure configuration for --secure-file-priv: Current value does not restrict location of generated files. Consider setting it to a valid, non-empty path.
2022-11-11T11:17:14.416878Z 0 [ERROR] Cannot open Windows EventLog; check privileges, or start server with --log_syslog=0
2022-11-11T11:17:14.416878Z 0 [Note] C:\laragon\bin\mysql\mysql-5.7.18-winx64\bin\mysqld (mysqld 5.7.18) starting as process 4120 ...
